Release 14.4 - xst P.49d (nt64)
Copyright (c) 1995-2012 Xilinx, Inc.  All rights reserved.
--> Parameter TMPDIR set to xst/projnav.tmp


Total REAL time to Xst completion: 0.00 secs
Total CPU time to Xst completion: 0.51 secs
 
--> Parameter xsthdpdir set to xst


Total REAL time to Xst completion: 0.00 secs
Total CPU time to Xst completion: 0.51 secs
 
--> Reading design: sbox.prj

TABLE OF CONTENTS
  1) Synthesis Options Summary
  2) HDL Parsing
  3) HDL Elaboration
  4) HDL Synthesis
       4.1) HDL Synthesis Report
  5) Advanced HDL Synthesis
       5.1) Advanced HDL Synthesis Report
  6) Low Level Synthesis
  7) Partition Report
  8) Design Summary
       8.1) Primitive and Black Box Usage
       8.2) Device utilization summary
       8.3) Partition Resource Summary
       8.4) Timing Report
            8.4.1) Clock Information
            8.4.2) Asynchronous Control Signals Information
            8.4.3) Timing Summary
            8.4.4) Timing Details
            8.4.5) Cross Clock Domains Report


=========================================================================
*                      Synthesis Options Summary                        *
=========================================================================
---- Source Parameters
Input File Name                    : "sbox.prj"
Ignore Synthesis Constraint File   : NO

---- Target Parameters
Output File Name                   : "sbox"
Output Format                      : NGC
Target Device                      : xc7a100t-3-csg324

---- Source Options
Top Module Name                    : sbox
Automatic FSM Extraction           : YES
FSM Encoding Algorithm             : Auto
Safe Implementation                : No
FSM Style                          : LUT
RAM Extraction                     : Yes
RAM Style                          : Auto
ROM Extraction                     : Yes
Shift Register Extraction          : YES
ROM Style                          : Auto
Resource Sharing                   : YES
Asynchronous To Synchronous        : NO
Shift Register Minimum Size        : 2
Use DSP Block                      : Auto
Automatic Register Balancing       : No

---- Target Options
LUT Combining                      : Auto
Reduce Control Sets                : Auto
Add IO Buffers                     : YES
Global Maximum Fanout              : 100000
Add Generic Clock Buffer(BUFG)     : 32
Register Duplication               : YES
Optimize Instantiated Primitives   : NO
Use Clock Enable                   : Auto
Use Synchronous Set                : Auto
Use Synchronous Reset              : Auto
Pack IO Registers into IOBs        : Auto
Equivalent register Removal        : YES

---- General Options
Optimization Goal                  : Speed
Optimization Effort                : 1
Power Reduction                    : NO
Keep Hierarchy                     : No
Netlist Hierarchy                  : As_Optimized
RTL Output                         : Yes
Global Optimization                : AllClockNets
Read Cores                         : YES
Write Timing Constraints           : NO
Cross Clock Analysis               : NO
Hierarchy Separator                : /
Bus Delimiter                      : <>
Case Specifier                     : Maintain
Slice Utilization Ratio            : 100
BRAM Utilization Ratio             : 100
DSP48 Utilization Ratio            : 100
Auto BRAM Packing                  : NO
Slice Utilization Ratio Delta      : 5

=========================================================================


=========================================================================
*                          HDL Parsing                                  *
=========================================================================
Analyzing Verilog file "E:\HS_ASSGN_SBOX\ASSGN2\square_mapping_4.v" into library work
Parsing module <square_mapping_4>.
Analyzing Verilog file "E:\HS_ASSGN_SBOX\ASSGN2\multiplication_in_4.v" into library work
Parsing module <multiplication_in_4>.
Analyzing Verilog file "E:\HS_ASSGN_SBOX\ASSGN2\inverse_mapping_4.v" into library work
Parsing module <inverse_mapping_4>.
Analyzing Verilog file "E:\HS_ASSGN_SBOX\ASSGN2\addition_in_4.v" into library work
Parsing module <addition_in_4>.
Analyzing Verilog file "E:\HS_ASSGN_SBOX\ASSGN2\transform_8_to_4_2.v" into library work
Parsing module <transform_8_to_4_2>.
Analyzing Verilog file "E:\HS_ASSGN_SBOX\ASSGN2\inverse_transform_4_2_to_8.v" into library work
Parsing module <inverse_transform_4_2_to_8>.
Analyzing Verilog file "E:\HS_ASSGN_SBOX\ASSGN2\inverse_in_4_2.v" into library work
Parsing module <inverse_in_4_2>.
Analyzing Verilog file "E:\HS_ASSGN_SBOX\ASSGN2\affine_transform.v" into library work
Parsing module <affine_transform>.
Analyzing Verilog file "E:\HS_ASSGN_SBOX\ASSGN2\sbox.v" into library work
Parsing module <sbox>.

=========================================================================
*                            HDL Elaboration                            *
=========================================================================

Elaborating module <sbox>.

Elaborating module <transform_8_to_4_2>.

Elaborating module <inverse_in_4_2>.

Elaborating module <square_mapping_4>.

Elaborating module <multiplication_in_4>.

Elaborating module <addition_in_4>.

Elaborating module <inverse_mapping_4>.

Elaborating module <affine_transform>.
WARNING:HDLCompiler:872 - "E:\HS_ASSGN_SBOX\ASSGN2\affine_transform.v" Line 13: Using initial value of B since it is never assigned

Elaborating module <inverse_transform_4_2_to_8>.

=========================================================================
*                           HDL Synthesis                               *
=========================================================================

Synthesizing Unit <sbox>.
    Related source file is "E:\HS_ASSGN_SBOX\ASSGN2\sbox.v".
    Summary:
	no macro.
Unit <sbox> synthesized.

Synthesizing Unit <transform_8_to_4_2>.
    Related source file is "E:\HS_ASSGN_SBOX\ASSGN2\transform_8_to_4_2.v".
WARNING:Xst:2999 - Signal 'T', unconnected in block 'transform_8_to_4_2', is tied to its initial value.
    Summary:
Unit <transform_8_to_4_2> synthesized.

Synthesizing Unit <inverse_in_4_2>.
    Related source file is "E:\HS_ASSGN_SBOX\ASSGN2\inverse_in_4_2.v".
    Summary:
	no macro.
Unit <inverse_in_4_2> synthesized.

Synthesizing Unit <square_mapping_4>.
    Related source file is "E:\HS_ASSGN_SBOX\ASSGN2\square_mapping_4.v".
    Found 16x4-bit Read Only RAM for signal <square_element_>
    Summary:
	inferred   1 RAM(s).
Unit <square_mapping_4> synthesized.

Synthesizing Unit <multiplication_in_4>.
    Related source file is "E:\HS_ASSGN_SBOX\ASSGN2\multiplication_in_4.v".
    Found 1x1-bit multiplier for signal <n0038> created at line 10.
    Found 1x1-bit multiplier for signal <n0039> created at line 10.
    Found 1x1-bit multiplier for signal <n0040> created at line 10.
    Found 1x1-bit multiplier for signal <n0041> created at line 10.
    Found 1x1-bit multiplier for signal <n0042> created at line 10.
    Found 1x1-bit multiplier for signal <n0043> created at line 11.
    Found 1x1-bit multiplier for signal <n0044> created at line 11.
    Found 1x1-bit multiplier for signal <n0045> created at line 11.
    Found 1x1-bit multiplier for signal <n0046> created at line 11.
    Found 1x1-bit multiplier for signal <n0047> created at line 11.
    Found 1x1-bit multiplier for signal <n0048> created at line 12.
    Found 1x1-bit multiplier for signal <n0049> created at line 12.
    Found 1x1-bit multiplier for signal <n0050> created at line 12.
    Found 1x1-bit multiplier for signal <n0051> created at line 12.
    Found 1x1-bit multiplier for signal <n0052> created at line 12.
    Found 1x1-bit multiplier for signal <n0053> created at line 13.
    Summary:
	inferred  16 Multiplier(s).
Unit <multiplication_in_4> synthesized.

Synthesizing Unit <addition_in_4>.
    Related source file is "E:\HS_ASSGN_SBOX\ASSGN2\addition_in_4.v".
    Summary:
Unit <addition_in_4> synthesized.

Synthesizing Unit <inverse_mapping_4>.
    Related source file is "E:\HS_ASSGN_SBOX\ASSGN2\inverse_mapping_4.v".
    Found 16x4-bit Read Only RAM for signal <inverse_element_>
    Summary:
	inferred   1 RAM(s).
Unit <inverse_mapping_4> synthesized.

Synthesizing Unit <affine_transform>.
    Related source file is "E:\HS_ASSGN_SBOX\ASSGN2\affine_transform.v".
WARNING:Xst:2999 - Signal 'A', unconnected in block 'affine_transform', is tied to its initial value.
    Summary:
Unit <affine_transform> synthesized.

Synthesizing Unit <inverse_transform_4_2_to_8>.
    Related source file is "E:\HS_ASSGN_SBOX\ASSGN2\inverse_transform_4_2_to_8.v".
WARNING:Xst:2999 - Signal 'invT', unconnected in block 'inverse_transform_4_2_to_8', is tied to its initial value.
    Summary:
Unit <inverse_transform_4_2_to_8> synthesized.

=========================================================================
HDL Synthesis Report

Macro Statistics
# RAMs                                                 : 48
 16x4-bit single-port Read Only RAM                    : 48
# Multipliers                                          : 1536
 1x1-bit multiplier                                    : 1536
# Xors                                                 : 1264
 1-bit xor2                                            : 560
 1-bit xor3                                            : 256
 1-bit xor4                                            : 144
 1-bit xor5                                            : 96
 1-bit xor6                                            : 112
 1-bit xor7                                            : 96

=========================================================================

=========================================================================
*                       Advanced HDL Synthesis                          *
=========================================================================


Synthesizing (advanced) Unit <inverse_mapping_4>.
INFO:Xst:3218 - HDL ADVISOR - The RAM <Mram_inverse_element_> will be implemented on LUTs either because you have described an asynchronous read or because of currently unsupported block RAM features. If you have described an asynchronous read, making it synchronous would allow you to take advantage of available block RAM resources, for optimized device usage and improved timings. Please refer to your documentation for coding guidelines.
    -----------------------------------------------------------------------
    | ram_type           | Distributed                         |          |
    -----------------------------------------------------------------------
    | Port A                                                              |
    |     aspect ratio   | 16-word x 4-bit                     |          |
    |     weA            | connected to signal <GND>           | high     |
    |     addrA          | connected to signal <element>       |          |
    |     diA            | connected to signal <GND>           |          |
    |     doA            | connected to signal <inverse_element_> |          |
    -----------------------------------------------------------------------
Unit <inverse_mapping_4> synthesized (advanced).

Synthesizing (advanced) Unit <square_mapping_4>.
INFO:Xst:3218 - HDL ADVISOR - The RAM <Mram_square_element_> will be implemented on LUTs either because you have described an asynchronous read or because of currently unsupported block RAM features. If you have described an asynchronous read, making it synchronous would allow you to take advantage of available block RAM resources, for optimized device usage and improved timings. Please refer to your documentation for coding guidelines.
    -----------------------------------------------------------------------
    | ram_type           | Distributed                         |          |
    -----------------------------------------------------------------------
    | Port A                                                              |
    |     aspect ratio   | 16-word x 4-bit                     |          |
    |     weA            | connected to signal <GND>           | high     |
    |     addrA          | connected to signal <element>       |          |
    |     diA            | connected to signal <GND>           |          |
    |     doA            | connected to signal <square_element_> |          |
    -----------------------------------------------------------------------
Unit <square_mapping_4> synthesized (advanced).

=========================================================================
Advanced HDL Synthesis Report

Macro Statistics
# RAMs                                                 : 48
 16x4-bit single-port distributed Read Only RAM        : 48
# Multipliers                                          : 1536
 1x1-bit multiplier                                    : 1536
# Xors                                                 : 1264
 1-bit xor2                                            : 560
 1-bit xor3                                            : 256
 1-bit xor4                                            : 144
 1-bit xor5                                            : 96
 1-bit xor6                                            : 112
 1-bit xor7                                            : 96

=========================================================================

=========================================================================
*                         Low Level Synthesis                           *
=========================================================================

Optimizing unit <sbox> ...

Optimizing unit <inverse_in_4_2> ...

Mapping all equations...
Building and optimizing final netlist ...
Found area constraint ratio of 100 (+ 5) on block sbox, actual ratio is 2.

Final Macro Processing ...

=========================================================================
Final Register Report

Found no macro
=========================================================================

=========================================================================
*                           Partition Report                            *
=========================================================================

Partition Implementation Status
-------------------------------

  No Partitions were found in this design.

-------------------------------

=========================================================================
*                            Design Summary                             *
=========================================================================

Top Level Output File Name         : sbox.ngc

Primitive and Black Box Usage:
------------------------------
# BELS                             : 832
#      LUT2                        : 32
#      LUT3                        : 64
#      LUT4                        : 256
#      LUT5                        : 192
#      LUT6                        : 288
# IO Buffers                       : 256
#      IBUF                        : 128
#      OBUF                        : 128

Device utilization summary:
---------------------------

Selected Device : 7a100tcsg324-3 


Slice Logic Utilization: 
 Number of Slice LUTs:                  832  out of  63400     1%  
    Number used as Logic:               832  out of  63400     1%  

Slice Logic Distribution: 
 Number of LUT Flip Flop pairs used:    832
   Number with an unused Flip Flop:     832  out of    832   100%  
   Number with an unused LUT:             0  out of    832     0%  
   Number of fully used LUT-FF pairs:     0  out of    832     0%  
   Number of unique control sets:         0

IO Utilization: 
 Number of IOs:                         256
 Number of bonded IOBs:                 256  out of    210   121% (*) 

Specific Feature Utilization:

WARNING:Xst:1336 -  (*) More than 100% of Device resources are used

---------------------------
Partition Resource Summary:
---------------------------

  No Partitions were found in this design.

---------------------------


=========================================================================
Timing Report

NOTE: THESE TIMING NUMBERS ARE ONLY A SYNTHESIS ESTIMATE.
      FOR ACCURATE TIMING INFORMATION PLEASE REFER TO THE TRACE REPORT
      GENERATED AFTER PLACE-and-ROUTE.

Clock Information:
------------------
No clock signals found in this design

Asynchronous Control Signals Information:
----------------------------------------
No asynchronous control signals found in this design

Timing Summary:
---------------
Speed Grade: -3

   Minimum period: No path found
   Minimum input arrival time before clock: No path found
   Maximum output required time after clock: No path found
   Maximum combinational path delay: 5.771ns

Timing Details:
---------------
All values displayed in nanoseconds (ns)

=========================================================================
Timing constraint: Default path analysis
  Total number of paths / destination ports: 279504 / 128
-------------------------------------------------------------------------
Delay:               5.771ns (Levels of Logic = 10)
  Source:            inp_block<122> (PAD)
  Destination:       out_block<127> (PAD)

  Data Path: inp_block<122> to out_block<127>
                                Gate     Net
    Cell:in->out      fanout   Delay   Delay  Logical Name (Net Name)
    ----------------------------------------  ------------
     IBUF:I->O            11   0.001   0.602  inp_block_122_IBUF (inp_block_122_IBUF)
     LUT4:I0->O            5   0.097   0.575  t16/Mxor_B1<1>_xo<0>1 (transform_block<121>)
     LUT6:I2->O            1   0.097   0.683  i16/m1/Mxor_out_<2>_xo<0>1 (i16/m1/Mxor_out_<2>_xo<0>)
     LUT5:I0->O            1   0.097   0.295  i16/m1/Mxor_out_<2>_xo<0>2 (i16/temporary<2>)
     LUT6:I5->O            6   0.097   0.579  i16/add2/Mxor_out_<2>_xo<0>1 (i16/first_addition<2>)
     LUT4:I0->O            8   0.097   0.588  i16/inv1/Mram_inverse_element_21 (i16/inv1/Mram_inverse_element_2)
     LUT5:I1->O            1   0.097   0.693  i16/m6/Mxor_out_<2>_xo<0>1 (i16/m6/Mxor_out_<2>_xo<0>)
     LUT6:I0->O            4   0.097   0.697  i16/m6/Mxor_out_<2>_xo<0>2 (inverse_block<126>)
     LUT6:I1->O            1   0.097   0.279  out_block<127>11 (out_block_127_OBUF)
     OBUF:I->O                 0.000          out_block_127_OBUF (out_block<127>)
    ----------------------------------------
    Total                      5.771ns (0.777ns logic, 4.994ns route)
                                       (13.5% logic, 86.5% route)

=========================================================================

Cross Clock Domains Report:
--------------------------

=========================================================================


Total REAL time to Xst completion: 15.00 secs
Total CPU time to Xst completion: 15.82 secs
 
--> 

Total memory usage is 485972 kilobytes

Number of errors   :    0 (   0 filtered)
Number of warnings :    5 (   0 filtered)
Number of infos    :    2 (   0 filtered)

